[INFO] Scanning for projects...
[INFO] 
[INFO] ----------------------< commons-cli:commons-cli >-----------------------
[INFO] Building Apache Commons CLI 1.5-SNAPSHOT
[INFO] --------------------------------[ jar ]---------------------------------
[INFO] 
[INFO] >>> hyrts-maven-plugin:1.0.1:HyRTS (default-cli) > test-compile @ commons-cli >>>
[INFO] 
[INFO] --- maven-enforcer-plugin:3.0.0-M2:enforce (enforce-maven-version) @ commons-cli ---
[INFO] 
[INFO] --- maven-enforcer-plugin:3.0.0-M2:enforce (enforce-maven-3) @ commons-cli ---
[INFO] 
[INFO] --- apache-rat-plugin:0.13:check (rat-check) @ commons-cli ---
[INFO] RAT will not execute since it is configured to be skipped via system property 'rat.skip'.
[INFO] 
[INFO] --- build-helper-maven-plugin:3.0.0:parse-version (parse-version) @ commons-cli ---
[INFO] 
[INFO] --- maven-antrun-plugin:1.7:run (javadoc.resources) @ commons-cli ---
[INFO] Executing tasks

main:
     [copy] Copying 2 files to /s/chopin/a/grad/mkshin/newResearch/HyRTS/commonCLI/workingDir/target/apidocs/META-INF
[INFO] Executed tasks
[INFO] 
[INFO] --- maven-remote-resources-plugin:1.5:process (process-resource-bundles) @ commons-cli ---
[INFO] 
[INFO] --- buildnumber-maven-plugin:1.4:create (default) @ commons-cli ---
[INFO] Executing: /bin/sh -c cd '/s/chopin/a/grad/mkshin/newResearch/HyRTS/commonCLI/workingDir' && 'git' 'rev-parse' '--verify' 'HEAD'
[INFO] Working directory: /s/chopin/a/grad/mkshin/newResearch/HyRTS/commonCLI/workingDir
[INFO] Storing buildNumber: ?????? at timestamp: 1620937022707
[WARNING] Cannot get the branch information from the git repository: 
Detecting the current branch failed: fatal: not a git repository (or any parent up to mount point /s/chopin)
Stopping at filesystem boundary (GIT_DISCOVERY_ACROSS_FILESYSTEM not set).

[INFO] Executing: /bin/sh -c cd '/s/chopin/a/grad/mkshin/newResearch/HyRTS/commonCLI/workingDir' && 'git' 'rev-parse' '--verify' 'HEAD'
[INFO] Working directory: /s/chopin/a/grad/mkshin/newResearch/HyRTS/commonCLI/workingDir
[INFO] Storing buildScmBranch: UNKNOWN_BRANCH
[INFO] 
[INFO] --- maven-resources-plugin:3.1.0:resources (default-resources) @ commons-cli ---
[INFO] Using 'utf-8' encoding to copy filtered resources.
[INFO] skip non existing resourceDirectory /s/chopin/a/grad/mkshin/newResearch/HyRTS/commonCLI/workingDir/src/main/resources
[INFO] Copying 2 resources to META-INF
[INFO] 
[INFO] --- maven-compiler-plugin:3.8.0:compile (default-compile) @ commons-cli ---
[INFO] Changes detected - recompiling the module!
[INFO] Compiling 23 source files to /s/chopin/a/grad/mkshin/newResearch/HyRTS/commonCLI/workingDir/target/classes
[INFO] /s/chopin/a/grad/mkshin/newResearch/HyRTS/commonCLI/workingDir/src/main/java/org/apache/commons/cli/DefaultParser.java: Some input files use unchecked or unsafe operations.
[INFO] /s/chopin/a/grad/mkshin/newResearch/HyRTS/commonCLI/workingDir/src/main/java/org/apache/commons/cli/DefaultParser.java: Recompile with -Xlint:unchecked for details.
[INFO] 
[INFO] --- maven-bundle-plugin:4.1.0:manifest (bundle-manifest) @ commons-cli ---
[INFO] 
[INFO] --- animal-sniffer-maven-plugin:1.17:check (checkAPIcompatibility) @ commons-cli ---
[INFO] Checking unresolved references to org.codehaus.mojo.signature:java17:1.0
[INFO] 
[INFO] --- maven-resources-plugin:3.1.0:testResources (default-testResources) @ commons-cli ---
[INFO] Using 'utf-8' encoding to copy filtered resources.
[INFO] Copying 2 resources
[INFO] Copying 2 resources to META-INF
[INFO] 
[INFO] --- maven-compiler-plugin:3.8.0:testCompile (default-testCompile) @ commons-cli ---
[INFO] Changes detected - recompiling the module!
[INFO] Compiling 29 source files to /s/chopin/a/grad/mkshin/newResearch/HyRTS/commonCLI/workingDir/target/test-classes
[INFO] /s/chopin/a/grad/mkshin/newResearch/HyRTS/commonCLI/workingDir/src/test/java/org/apache/commons/cli/bug/BugCLI71Test.java: Some input files use or override a deprecated API.
[INFO] /s/chopin/a/grad/mkshin/newResearch/HyRTS/commonCLI/workingDir/src/test/java/org/apache/commons/cli/bug/BugCLI71Test.java: Recompile with -Xlint:deprecation for details.
[INFO] 
[INFO] <<< hyrts-maven-plugin:1.0.1:HyRTS (default-cli) < test-compile @ commons-cli <<<
[INFO] 
[INFO] 
[INFO] --- hyrts-maven-plugin:1.0.1:HyRTS (default-cli) @ commons-cli ---
[HyRTS] Extracted changes: 0 0 1 0 0 0 0 0 0 0 0 0 0 0 0 1 0 0 0 0 0 0 0 0 0 0 0 1
[HyRTS] RTS excluded 16 out of 28 test classes using 165ms 
[INFO] 
[INFO] -------------------------------------------------------
[INFO]  T E S T S
[INFO] -------------------------------------------------------
[INFO] Running org.apache.commons.cli.PosixParserTest
[ERROR] Tests run: 1, Failures: 0, Errors: 1, Skipped: 0, Time elapsed: 6.97 s <<< FAILURE! - in org.apache.commons.cli.PosixParserTest
[ERROR] initializationError(org.apache.commons.cli.PosixParserTest)  Time elapsed: 0.007 s  <<< ERROR!
java.lang.StackOverflowError

[INFO] Running org.apache.commons.cli.ValuesTest
[ERROR] Tests run: 1, Failures: 0, Errors: 1, Skipped: 0, Time elapsed: 17.194 s <<< FAILURE! - in org.apache.commons.cli.ValuesTest
[ERROR] initializationError(org.apache.commons.cli.ValuesTest)  Time elapsed: 0.001 s  <<< ERROR!
java.lang.StackOverflowError

[INFO] Running org.apache.commons.cli.OptionsTest
[ERROR] Tests run: 1, Failures: 0, Errors: 1, Skipped: 0, Time elapsed: 17.202 s <<< FAILURE! - in org.apache.commons.cli.OptionsTest
[ERROR] initializationError(org.apache.commons.cli.OptionsTest)  Time elapsed: 0.001 s  <<< ERROR!
java.lang.StackOverflowError

[INFO] Running org.apache.commons.cli.DefaultParserTest
[ERROR] Tests run: 1, Failures: 0, Errors: 1, Skipped: 0, Time elapsed: 17.234 s <<< FAILURE! - in org.apache.commons.cli.DefaultParserTest
[ERROR] initializationError(org.apache.commons.cli.DefaultParserTest)  Time elapsed: 0.001 s  <<< ERROR!
java.lang.StackOverflowError

[INFO] Running org.apache.commons.cli.bug.BugCLI252Test
[ERROR] Tests run: 1, Failures: 0, Errors: 1, Skipped: 0, Time elapsed: 17.105 s <<< FAILURE! - in org.apache.commons.cli.bug.BugCLI252Test
[ERROR] initializationError(org.apache.commons.cli.bug.BugCLI252Test)  Time elapsed: 0.002 s  <<< ERROR!
java.lang.StackOverflowError

[INFO] Running org.apache.commons.cli.bug.BugCLI148Test
[ERROR] Tests run: 1, Failures: 0, Errors: 1, Skipped: 0, Time elapsed: 17.204 s <<< FAILURE! - in org.apache.commons.cli.bug.BugCLI148Test
[ERROR] initializationError(org.apache.commons.cli.bug.BugCLI148Test)  Time elapsed: 0.001 s  <<< ERROR!
java.lang.StackOverflowError

[INFO] Running org.apache.commons.cli.bug.BugCLI265Test
[ERROR] Tests run: 1, Failures: 0, Errors: 1, Skipped: 0, Time elapsed: 17.146 s <<< FAILURE! - in org.apache.commons.cli.bug.BugCLI265Test
[ERROR] initializationError(org.apache.commons.cli.bug.BugCLI265Test)  Time elapsed: 0.001 s  <<< ERROR!
java.lang.StackOverflowError

[INFO] Running org.apache.commons.cli.bug.BugsTest
[ERROR] Tests run: 1, Failures: 0, Errors: 1, Skipped: 0, Time elapsed: 17.254 s <<< FAILURE! - in org.apache.commons.cli.bug.BugsTest
[ERROR] initializationError(org.apache.commons.cli.bug.BugsTest)  Time elapsed: 0.001 s  <<< ERROR!
java.lang.StackOverflowError

[INFO] Running org.apache.commons.cli.DisablePartialMatchingTest
[ERROR] Tests run: 1, Failures: 0, Errors: 1, Skipped: 0, Time elapsed: 17.118 s <<< FAILURE! - in org.apache.commons.cli.DisablePartialMatchingTest
[ERROR] initializationError(org.apache.commons.cli.DisablePartialMatchingTest)  Time elapsed: 0.002 s  <<< ERROR!
java.lang.StackOverflowError

[INFO] Running org.apache.commons.cli.ValueTest
[ERROR] Tests run: 1, Failures: 0, Errors: 1, Skipped: 0, Time elapsed: 17.244 s <<< FAILURE! - in org.apache.commons.cli.ValueTest
[ERROR] initializationError(org.apache.commons.cli.ValueTest)  Time elapsed: 0.001 s  <<< ERROR!
java.lang.StackOverflowError

[INFO] Running org.apache.commons.cli.ApplicationTest
[ERROR] Tests run: 1, Failures: 0, Errors: 1, Skipped: 0, Time elapsed: 17.338 s <<< FAILURE! - in org.apache.commons.cli.ApplicationTest
[ERROR] initializationError(org.apache.commons.cli.ApplicationTest)  Time elapsed: 0.002 s  <<< ERROR!
java.lang.StackOverflowError

[INFO] Running org.apache.commons.cli.OptionGroupTest
[ERROR] Tests run: 1, Failures: 0, Errors: 1, Skipped: 0, Time elapsed: 17.122 s <<< FAILURE! - in org.apache.commons.cli.OptionGroupTest
[ERROR] initializationError(org.apache.commons.cli.OptionGroupTest)  Time elapsed: 0.002 s  <<< ERROR!
java.lang.StackOverflowError

[INFO] 
[INFO] Results:
[INFO] 
[ERROR] Errors: 
[ERROR]   ApplicationTest.initializationError » StackOverflow
[ERROR]   DefaultParserTest.initializationError » StackOverflow
[ERROR]   DisablePartialMatchingTest.initializationError » StackOverflow
[ERROR]   OptionGroupTest.initializationError » StackOverflow
[ERROR]   OptionsTest.initializationError » StackOverflow
[ERROR]   PosixParserTest.initializationError » StackOverflow
[ERROR]   ValueTest.initializationError » StackOverflow
[ERROR]   ValuesTest.initializationError » StackOverflow
[ERROR]   BugCLI148Test.initializationError » StackOverflow
[ERROR]   BugCLI252Test.initializationError » StackOverflow
[ERROR]   BugCLI265Test.initializationError » StackOverflow
[ERROR]   BugsTest.initializationError » StackOverflow
[INFO] 
[ERROR] Tests run: 12, Failures: 0, Errors: 12, Skipped: 0
[INFO] 
[INFO] ------------------------------------------------------------------------
[INFO] BUILD FAILURE
[INFO] ------------------------------------------------------------------------
[INFO] Total time:  03:24 min
[INFO] Finished at: 2020-05-18T14:20:24-06:00
[INFO] ------------------------------------------------------------------------
[ERROR] Failed to execute goal org.hyrts:hyrts-maven-plugin:1.0.1:HyRTS (default-cli) on project commons-cli: Unable to execute mojo: There are test failures.
[ERROR] 
[ERROR] Please refer to /s/chopin/a/grad/mkshin/newResearch/HyRTS/commonCLI/workingDir/target/surefire-reports for the individual test results.
[ERROR] Please refer to dump files (if any exist) [date].dump, [date]-jvmRun[N].dump and [date].dumpstream.
[ERROR] -> [Help 1]
[ERROR] 
[ERROR] To see the full stack trace of the errors, re-run Maven with the -e switch.
[ERROR] Re-run Maven using the -X switch to enable full debug logging.
[ERROR] 
[ERROR] For more information about the errors and possible solutions, please read the following articles:
[ERROR] [Help 1] http://cwiki.apache.org/confluence/display/MAVEN/MojoExecutionException
